================================================================
== Vivado Place & Route Results
================================================================
+ General Information:
    * Date:            Mon Feb 26 21:37:44 IST 2024
    * Version:         2023.2 (Build 4101106 on Feb  9 2024)
    * Project:         hls_component
    * Solution:        hls (Vivado IP Flow Target)
    * Product family:  artix7
    * Target device:   xc7a200t-sbv484-1


================================================================
== Run Constraints & Options
================================================================
+ Design Constraints & Options:
    * Place & Route target clock:  10 ns
    * C-Synthesis target clock:    10 ns
    * C-Synthesis uncertainty:     27%

+ RTL Synthesis Options:
    * config_export -vivado_synth_strategy:     default
    * config_export -vivado_synth_design_args:  -directive sdx_optimization_effort_high

+ Place & Route Options:
    * config_export -vivado_impl_strategy:  default
    * config_export -vivado_phys_opt:       all

+ Reporting Options:
    * config_export -vivado_report_level:      2
    * config_export -vivado_max_timing_paths:  10


================================================================
== Place & Route Resource Summary
================================================================
LUT:              176
FF:               173
DSP:              8
BRAM:             0
URAM:             0
SRL:              0


================================================================
== Place & Route Timing Summary
================================================================
* Timing was met
+----------------+-------------+
| Timing         | Period (ns) |
+----------------+-------------+
| Target         | 10.000      |
| Post-Synthesis | 5.745       |
| Post-Route     | 5.692       |
+----------------+-------------+


================================================================
== Place & Route Resources
================================================================
+-------------------------+-----+-----+-----+------+------+-----+--------+------+---------+----------+--------+
| Name                    | LUT | FF  | DSP | BRAM | URAM | SRL | Pragma | Impl | Latency | Variable | Source |
+-------------------------+-----+-----+-----+------+------+-----+--------+------+---------+----------+--------+
| inst                    | 176 | 173 | 8   |      |      |     |        |      |         |          |        |
|   (inst)                | 35  | 120 |     |      |      |     |        |      |         |          |        |
|   mul_32s_32s_48_2_1_U1 | 78  | 19  | 4   |      |      |     |        |      |         |          |        |
|   mul_33s_32s_48_2_1_U2 | 63  | 34  | 4   |      |      |     |        |      |         |          |        |
+-------------------------+-----+-----+-----+------+------+-----+--------+------+---------+----------+--------+


================================================================
== Place & Route Fail Fast
================================================================
+-----------------------------------------------------------+-----------+--------+--------+
| Criteria                                                  | Guideline | Actual | Status |
+-----------------------------------------------------------+-----------+--------+--------+
| LUT                                                       | 70%       | 0.13%  | OK     |
| FD                                                        | 50%       | 0.06%  | OK     |
| LUTRAM+SRL                                                | 25%       | 0.00%  | OK     |
| MUXF7                                                     | 15%       | 0.00%  | OK     |
| DSP                                                       | 80%       | 1.08%  | OK     |
| RAMB/FIFO                                                 | 80%       | 0.00%  | OK     |
| DSP+RAMB+URAM (Avg)                                       | 70%       | 1.08%  | OK     |
| BUFGCE* + BUFGCTRL                                        | 24        | 0      | OK     |
| DONT_TOUCH (cells/nets)                                   | 0         | 0      | OK     |
| MARK_DEBUG (nets)                                         | 0         | 0      | OK     |
| Control Sets                                              | 2524      | 5      | OK     |
| Average Fanout for modules > 100k cells                   | 4         | 1.23   | OK     |
| Max Average Fanout for modules > 100k cells               | 4         | 0      | OK     |
| Non-FD high fanout nets > 10k loads                       | 0         | 0      | OK     |
+-----------------------------------------------------------+-----------+--------+--------+
| TIMING-6 (No common primary clock between related clocks) | 0         | 0      | OK     |
| TIMING-7 (No common node between related clocks)          | 0         | 0      | OK     |
| TIMING-8 (No common period between related clocks)        | 0         | 0      | OK     |
| TIMING-14 (LUT on the clock tree)                         | 0         | 0      | OK     |
| TIMING-35 (No common node in paths with the same clock)   | 0         | 0      | OK     |
+-----------------------------------------------------------+-----------+--------+--------+
| Number of paths above max LUT budgeting (0.575ns)         | 0         | 0      | OK     |
| Number of paths above max Net budgeting (0.403ns)         | 0         | 0      | OK     |
+-----------------------------------------------------------+-----------+--------+--------+


================================================================
== Place & Route Timing Paths
================================================================
* Timing was met
+-------+-------+------------------------------------------+---------------------------------------------+--------------+------------+----------------+----------------+--------------+
| Path  | SLACK | STARTPOINT PIN                           | ENDPOINT PIN                                | LOGIC LEVELS | MAX FANOUT | DATAPATH DELAY | DATAPATH LOGIC | DATAPATH NET |
|       |       |                                          |                                             |              |            |                |          DELAY |        DELAY |
+-------+-------+------------------------------------------+---------------------------------------------+--------------+------------+----------------+----------------+--------------+
| Path1 | 4.308 | mul_32s_32s_48_2_1_U1/tmp_product__0/CLK | mul_32s_32s_48_2_1_U1/buff0_reg__0/PCIN[0]  |            0 |          1 |          4.208 |          4.206 |        0.002 |
| Path2 | 4.308 | mul_32s_32s_48_2_1_U1/tmp_product__0/CLK | mul_32s_32s_48_2_1_U1/buff0_reg__0/PCIN[10] |            0 |          1 |          4.208 |          4.206 |        0.002 |
| Path3 | 4.308 | mul_32s_32s_48_2_1_U1/tmp_product__0/CLK | mul_32s_32s_48_2_1_U1/buff0_reg__0/PCIN[11] |            0 |          1 |          4.208 |          4.206 |        0.002 |
| Path4 | 4.308 | mul_32s_32s_48_2_1_U1/tmp_product__0/CLK | mul_32s_32s_48_2_1_U1/buff0_reg__0/PCIN[12] |            0 |          1 |          4.208 |          4.206 |        0.002 |
| Path5 | 4.308 | mul_32s_32s_48_2_1_U1/tmp_product__0/CLK | mul_32s_32s_48_2_1_U1/buff0_reg__0/PCIN[13] |            0 |          1 |          4.208 |          4.206 |        0.002 |
+-------+-------+------------------------------------------+---------------------------------------------+--------------+------------+----------------+----------------+--------------+

    +--------------------------------------+------------------+
    | Path1 Cells                          | Primitive Type   |
    +--------------------------------------+------------------+
    | mul_32s_32s_48_2_1_U1/tmp_product__0 | MULT.dsp.DSP48E1 |
    | mul_32s_32s_48_2_1_U1/buff0_reg__0   | MULT.dsp.DSP48E1 |
    +--------------------------------------+------------------+

    +--------------------------------------+------------------+
    | Path2 Cells                          | Primitive Type   |
    +--------------------------------------+------------------+
    | mul_32s_32s_48_2_1_U1/tmp_product__0 | MULT.dsp.DSP48E1 |
    | mul_32s_32s_48_2_1_U1/buff0_reg__0   | MULT.dsp.DSP48E1 |
    +--------------------------------------+------------------+

    +--------------------------------------+------------------+
    | Path3 Cells                          | Primitive Type   |
    +--------------------------------------+------------------+
    | mul_32s_32s_48_2_1_U1/tmp_product__0 | MULT.dsp.DSP48E1 |
    | mul_32s_32s_48_2_1_U1/buff0_reg__0   | MULT.dsp.DSP48E1 |
    +--------------------------------------+------------------+

    +--------------------------------------+------------------+
    | Path4 Cells                          | Primitive Type   |
    +--------------------------------------+------------------+
    | mul_32s_32s_48_2_1_U1/tmp_product__0 | MULT.dsp.DSP48E1 |
    | mul_32s_32s_48_2_1_U1/buff0_reg__0   | MULT.dsp.DSP48E1 |
    +--------------------------------------+------------------+

    +--------------------------------------+------------------+
    | Path5 Cells                          | Primitive Type   |
    +--------------------------------------+------------------+
    | mul_32s_32s_48_2_1_U1/tmp_product__0 | MULT.dsp.DSP48E1 |
    | mul_32s_32s_48_2_1_U1/buff0_reg__0   | MULT.dsp.DSP48E1 |
    +--------------------------------------+------------------+


================================================================
== Place & Route Vivado Reports
================================================================
+--------------------------+----------------------------------------------------------------------+
| Report Type              | Report Location                                                      |
+--------------------------+----------------------------------------------------------------------+
| design_analysis          | impl/verilog/report/solveCooling_design_analysis_routed.rpt          |
| failfast                 | impl/verilog/report/solveCooling_failfast_routed.rpt                 |
| status                   | impl/verilog/report/solveCooling_status_routed.rpt                   |
| timing                   | impl/verilog/report/solveCooling_timing_routed.rpt                   |
| timing_paths             | impl/verilog/report/solveCooling_timing_paths_routed.rpt             |
| utilization              | impl/verilog/report/solveCooling_utilization_routed.rpt              |
| utilization_hierarchical | impl/verilog/report/solveCooling_utilization_hierarchical_routed.rpt |
+--------------------------+----------------------------------------------------------------------+


