

Implementation tool: Xilinx Vivado v.2023.2.2
Project:             hls_component
Solution:            hls
Device target:       xc7a200t-sbv484-1
Report date:         Mon Feb 26 21:37:41 IST 2024

#=== Post-Implementation Resource usage ===
SLICE:           61
LUT:            176
FF:             173
DSP:              8
BRAM:             0
URAM:             0
LATCH:            0
SRL:              0
CLB:              0

#=== Final timing ===
CP required:                     10.000
CP achieved post-synthesis:      5.745
CP achieved post-implementation: 5.692
Timing met
